<?xml version="1.0" encoding="UTF-8"?>
<!-- Generated by org.testng.reporters.JUnitReportReporter -->
<testsuite hostname="DESKTOP-1AVQ4LH" failures="0" tests="1" name="net.assuresign.scenario_12.Scenario_12" time="41.911" errors="0" timestamp="2021-07-07T17:00:17 IST" skipped="0">
  <testcase classname="net.assuresign.scenario_12.Scenario_12" name="collectionRun_submit" time="41.911"/>
  <system-out/>
</testsuite> <!-- net.assuresign.scenario_12.Scenario_12 -->
