<?xml version="1.0" encoding="UTF-8"?>
<!-- Generated by org.testng.reporters.JUnitReportReporter -->
<testsuite hostname="DESKTOP-1AVQ4LH" failures="0" tests="7" name="net.assuresign.scenario_4.Scenario_4_15" time="169.075" errors="0" timestamp="2021-07-07T16:26:10 IST" skipped="0">
  <testcase classname="net.assuresign.scenario_4.Scenario_4_15" name="submit_DocMoreThen128Char" time="17.035"/>
  <system-out/>
  <testcase classname="net.assuresign.scenario_4.Scenario_4_15" name="submitPrepare_WithoutBase64File" time="23.774"/>
  <system-out/>
  <testcase classname="net.assuresign.scenario_4.Scenario_4_15" name="submitPrepare_FileToUploadEmptyString" time="33.094"/>
  <system-out/>
  <testcase classname="net.assuresign.scenario_4.Scenario_4_15" name="submitPrepare_FileToUploadNull" time="26.237"/>
  <system-out/>
  <testcase classname="net.assuresign.scenario_4.Scenario_4_15" name="submitPrepare_DocMoreThen128Char" time="17.616"/>
  <system-out/>
  <testcase classname="net.assuresign.scenario_4.Scenario_4_15" name="submitPrepare_InvalidFileName" time="22.733"/>
  <system-out/>
  <testcase classname="net.assuresign.scenario_4.Scenario_4_15" name="submitPrepare_InvalidFileValue" time="28.586"/>
  <system-out/>
</testsuite> <!-- net.assuresign.scenario_4.Scenario_4_15 -->
