<?xml version="1.0" encoding="UTF-8"?>
<!-- Generated by org.testng.reporters.JUnitReportReporter -->
<testsuite hostname="DESKTOP-1AVQ4LH" failures="0" tests="1" name="net.assuresign.scenario_3.Scenario_3_18" time="48.213" errors="0" timestamp="2021-07-07T15:54:35 IST" skipped="0">
  <testcase classname="net.assuresign.scenario_3.Scenario_3_18" name="submit_WrongConditionalLogic" time="48.213"/>
  <system-out/>
</testsuite> <!-- net.assuresign.scenario_3.Scenario_3_18 -->
