<?xml version="1.0" encoding="UTF-8"?>
<!-- Generated by org.testng.reporters.JUnitReportReporter -->
<testsuite hostname="DESKTOP-1AVQ4LH" failures="0" tests="1" name="net.assuresign.sprint_6_74.TestPlan_46968" time="4.579" errors="0" timestamp="2021-07-08T11:15:57 IST" skipped="0">
  <testcase classname="net.assuresign.sprint_6_74.TestPlan_46968" name="testCase_48165_S674" time="4.579"/>
  <system-out/>
</testsuite> <!-- net.assuresign.sprint_6_74.TestPlan_46968 -->
