<?xml version="1.0" encoding="UTF-8"?>
<!-- Generated by org.testng.reporters.JUnitReportReporter -->
<testsuite hostname="DESKTOP-17LNK85" failures="0" tests="1" name="net.assuresign.scenario_1.TestAPI2" time="0.003" errors="0" timestamp="2021-03-12T14:40:38 IST" skipped="0">
  <testcase classname="net.assuresign.scenario_1.TestAPI2" name="test" time="0.003"/>
  <system-out/>
</testsuite> <!-- net.assuresign.scenario_1.TestAPI2 -->
