<?xml version="1.0" encoding="UTF-8"?>
<!-- Generated by org.testng.reporters.JUnitReportReporter -->
<testsuite hostname="DESKTOP-1AVQ4LH" failures="0" tests="2" name="net.assuresign.scenario_4.Scenario_4_7" time="54.900" errors="0" timestamp="2021-07-07T16:26:10 IST" skipped="0">
  <testcase classname="net.assuresign.scenario_4.Scenario_4_7" name="submitPrepare_enUSSMS2FactorAuth" time="20.973"/>
  <system-out/>
  <testcase classname="net.assuresign.scenario_4.Scenario_4_7" name="submit_enUSSMS2FactorAuth" time="33.927"/>
  <system-out/>
</testsuite> <!-- net.assuresign.scenario_4.Scenario_4_7 -->
