<?xml version="1.0" encoding="UTF-8"?>
<!-- Generated by org.testng.reporters.JUnitReportReporter -->
<testsuite hostname="DESKTOP-1AVQ4LH" failures="0" tests="2" name="net.assuresign.scenario_4.Scenario_4_8" time="274.428" errors="0" timestamp="2021-07-07T16:26:10 IST" skipped="0">
  <testcase classname="net.assuresign.scenario_4.Scenario_4_8" name="submit_WithLargeFile" time="148.018"/>
  <system-out/>
  <testcase classname="net.assuresign.scenario_4.Scenario_4_8" name="submitPrepare_WithLargeFile" time="126.410"/>
  <system-out/>
</testsuite> <!-- net.assuresign.scenario_4.Scenario_4_8 -->
