<?xml version="1.0" encoding="UTF-8"?>
<!-- Generated by org.testng.reporters.JUnitReportReporter -->
<testsuite hostname="DESKTOP-1AVQ4LH" failures="0" tests="1" name="net.assuresign.scenario_4.Scenario_4_10" time="16.110" errors="0" timestamp="2021-07-07T16:26:10 IST" skipped="0">
  <testcase classname="net.assuresign.scenario_4.Scenario_4_10" name="submitPrepare_WrongConditionalLogic" time="16.110"/>
  <system-out/>
</testsuite> <!-- net.assuresign.scenario_4.Scenario_4_10 -->
