<?xml version="1.0" encoding="UTF-8"?>
<!-- Generated by org.testng.reporters.JUnitReportReporter -->
<testsuite hostname="DESKTOP-17LNK85" failures="0" tests="2" name="assureSignTest.TestAPI" time="4.657" errors="0" timestamp="2021-03-11T09:20:41 IST" skipped="1">
  <testcase classname="assureSignTest.TestAPI" name="submitSign" time="4.657"/>
  <system-out/>
  <testcase classname="assureSignTest.TestAPI" name="getTokenBearer">
    <skipped/>
  </testcase> <!-- getTokenBearer -->
  <system-out/>
</testsuite> <!-- assureSignTest.TestAPI -->
