<?xml version="1.0" encoding="UTF-8"?>
<!-- Generated by org.testng.reporters.JUnitReportReporter -->
<testsuite hostname="DESKTOP-1AVQ4LH" failures="0" tests="3" name="net.assuresign.scenario_11.Scenario_11" time="12.180" errors="0" timestamp="2021-07-07T17:00:17 IST" skipped="0">
  <testcase classname="net.assuresign.scenario_11.Scenario_11" name="environments_InvalidUsername" time="4.472"/>
  <system-out/>
  <testcase classname="net.assuresign.scenario_11.Scenario_11" name="environments_validUsername" time="4.112"/>
  <system-out/>
  <testcase classname="net.assuresign.scenario_11.Scenario_11" name="environments_EmptyUsername" time="3.596"/>
  <system-out/>
</testsuite> <!-- net.assuresign.scenario_11.Scenario_11 -->
