<?xml version="1.0" encoding="UTF-8"?>
<!-- Generated by org.testng.reporters.JUnitReportReporter -->
<testsuite hostname="DESKTOP-1AVQ4LH" failures="0" tests="6" name="net.assuresign.scenario_8.Scenario_8_4" time="94.499" errors="0" timestamp="2021-07-07T17:00:17 IST" skipped="0">
  <testcase classname="net.assuresign.scenario_8.Scenario_8_4" name="Signers_CompletedDoc" time="22.825"/>
  <system-out/>
  <testcase classname="net.assuresign.scenario_8.Scenario_8_4" name="Signers_emptySignerAndEnvelopID" time="9.471"/>
  <system-out/>
  <testcase classname="net.assuresign.scenario_8.Scenario_8_4" name="Signers_validInput" time="19.037"/>
  <system-out/>
  <testcase classname="net.assuresign.scenario_8.Scenario_8_4" name="Signers_withoutRequestBody" time="18.108"/>
  <system-out/>
  <testcase classname="net.assuresign.scenario_8.Scenario_8_4" name="Signers_invalidEnvelopeID" time="5.023"/>
  <system-out/>
  <testcase classname="net.assuresign.scenario_8.Scenario_8_4" name="Signers_invalidSignerID" time="20.035"/>
  <system-out/>
</testsuite> <!-- net.assuresign.scenario_8.Scenario_8_4 -->
