<?xml version="1.0" encoding="UTF-8"?>
<!-- Generated by org.testng.reporters.JUnitReportReporter -->
<testsuite hostname="DESKTOP-1AVQ4LH" failures="0" tests="1" name="net.assuresign.sprint_6_75.TestPlan_48045" time="8.128" errors="0" timestamp="2021-07-08T11:05:55 IST" skipped="0">
  <testcase classname="net.assuresign.sprint_6_75.TestPlan_48045" name="testCase_48158_S675" time="8.128"/>
  <system-out/>
</testsuite> <!-- net.assuresign.sprint_6_75.TestPlan_48045 -->
