<?xml version="1.0" encoding="UTF-8"?>
<!-- Generated by org.testng.reporters.JUnitReportReporter -->
<testsuite hostname="DESKTOP-1AVQ4LH" failures="0" tests="2" name="net.assuresign.scenario_4.Scenario_4_6" time="41.678" errors="0" timestamp="2021-07-07T16:26:10 IST" skipped="0">
  <testcase classname="net.assuresign.scenario_4.Scenario_4_6" name="submitPrepare_WithPwdToEditFile" time="20.133"/>
  <system-out/>
  <testcase classname="net.assuresign.scenario_4.Scenario_4_6" name="submitPrepare_WithPwdToOpenFile" time="21.545"/>
  <system-out/>
</testsuite> <!-- net.assuresign.scenario_4.Scenario_4_6 -->
