<?xml version="1.0" encoding="UTF-8"?>
<!-- Generated by org.testng.reporters.JUnitReportReporter -->
<testsuite hostname="DESKTOP-17LNK85" failures="0" tests="5" name="net.assuresign.scenario_1.TestAPI" time="13.897" errors="0" timestamp="2021-03-12T15:32:06 IST" skipped="0">
  <testcase classname="net.assuresign.scenario_1.TestAPI" name="tokenBearer_withoutApiUsername" time="1.838"/>
  <system-out/>
  <testcase classname="net.assuresign.scenario_1.TestAPI" name="tokenBearer_withoutSessionLength" time="3.034"/>
  <system-out/>
  <testcase classname="net.assuresign.scenario_1.TestAPI" name="tokenBearer_invalidApiKey" time="4.562"/>
  <system-out/>
  <testcase classname="net.assuresign.scenario_1.TestAPI" name="tokenBearer_withoutApiKey" time="2.457"/>
  <system-out/>
  <testcase classname="net.assuresign.scenario_1.TestAPI" name="tokenBearer_withoutContextUsername" time="2.006"/>
  <system-out/>
</testsuite> <!-- net.assuresign.scenario_1.TestAPI -->
