<?xml version="1.0" encoding="UTF-8"?>
<!-- Generated by org.testng.reporters.JUnitReportReporter -->
<testsuite hostname="DESKTOP-1AVQ4LH" failures="0" tests="17" name="net.assuresign.sprint_6_75.TestPlan_46977" time="89.058" errors="0" timestamp="2021-07-08T11:05:55 IST" skipped="0">
  <testcase classname="net.assuresign.sprint_6_75.TestPlan_46977" name="testCase_48110_S675" time="5.441"/>
  <system-out/>
  <testcase classname="net.assuresign.sprint_6_75.TestPlan_46977" name="testCase_48149_S675" time="5.268"/>
  <system-out/>
  <testcase classname="net.assuresign.sprint_6_75.TestPlan_46977" name="testCase_48144_S675" time="5.136"/>
  <system-out/>
  <testcase classname="net.assuresign.sprint_6_75.TestPlan_46977" name="testCase_48109_S675" time="5.167"/>
  <system-out/>
  <testcase classname="net.assuresign.sprint_6_75.TestPlan_46977" name="testCase_48152_S675" time="5.419"/>
  <system-out/>
  <testcase classname="net.assuresign.sprint_6_75.TestPlan_46977" name="testCase_48143_S675" time="5.039"/>
  <system-out/>
  <testcase classname="net.assuresign.sprint_6_75.TestPlan_46977" name="testCase_48140_S675" time="5.435"/>
  <system-out/>
  <testcase classname="net.assuresign.sprint_6_75.TestPlan_46977" name="testCase_48153_S675" time="5.461"/>
  <system-out/>
  <testcase classname="net.assuresign.sprint_6_75.TestPlan_46977" name="testCase_48108_S675" time="5.593"/>
  <system-out/>
  <testcase classname="net.assuresign.sprint_6_75.TestPlan_46977" name="testCase_48111_S675" time="5.147"/>
  <system-out/>
  <testcase classname="net.assuresign.sprint_6_75.TestPlan_46977" name="testCase_48141_S675" time="5.496"/>
  <system-out/>
  <testcase classname="net.assuresign.sprint_6_75.TestPlan_46977" name="testCase_48147_S675" time="4.815"/>
  <system-out/>
  <testcase classname="net.assuresign.sprint_6_75.TestPlan_46977" name="testCase_48150_S675" time="5.088"/>
  <system-out/>
  <testcase classname="net.assuresign.sprint_6_75.TestPlan_46977" name="testCase_48151_S675" time="4.499"/>
  <system-out/>
  <testcase classname="net.assuresign.sprint_6_75.TestPlan_46977" name="testCase_48154_S675" time="5.352"/>
  <system-out/>
  <testcase classname="net.assuresign.sprint_6_75.TestPlan_46977" name="testCase_48145_S675" time="6.056"/>
  <system-out/>
  <testcase classname="net.assuresign.sprint_6_75.TestPlan_46977" name="testCase_48148_S675" time="4.646"/>
  <system-out/>
</testsuite> <!-- net.assuresign.sprint_6_75.TestPlan_46977 -->
