<?xml version="1.0" encoding="UTF-8"?>
<!-- Generated by org.testng.reporters.JUnitReportReporter -->
<testsuite hostname="DESKTOP-1AVQ4LH" failures="0" tests="2" name="net.assuresign.scenario_9.Scenario_9" time="10.980" errors="0" timestamp="2021-07-07T17:00:17 IST" skipped="0">
  <testcase classname="net.assuresign.scenario_9.Scenario_9" name="getSSOToken" time="6.810"/>
  <system-out/>
  <testcase classname="net.assuresign.scenario_9.Scenario_9" name="getSSOToken_XASUserContext" time="4.170"/>
  <system-out/>
</testsuite> <!-- net.assuresign.scenario_9.Scenario_9 -->
