<?xml version="1.0" encoding="UTF-8"?>
<!-- Generated by org.testng.reporters.JUnitReportReporter -->
<testsuite hostname="DESKTOP-1AVQ4LH" failures="0" tests="2" name="net.assuresign.scenario_4.Scenario_4_2" time="67.735" errors="0" timestamp="2021-07-07T16:26:10 IST" skipped="0">
  <testcase classname="net.assuresign.scenario_4.Scenario_4_2" name="submitPrepare_WithDelayedStep" time="32.559"/>
  <system-out/>
  <testcase classname="net.assuresign.scenario_4.Scenario_4_2" name="submit_WithDelayedStep" time="35.176"/>
  <system-out/>
</testsuite> <!-- net.assuresign.scenario_4.Scenario_4_2 -->
