<?xml version="1.0" encoding="UTF-8"?>
<!-- Generated by org.testng.reporters.JUnitReportReporter -->
<testsuite hostname="DESKTOP-1AVQ4LH" failures="0" tests="1" name="net.assuresign.sprint_6_74.TestPlan_47351" time="11.744" errors="0" timestamp="2021-07-08T11:12:47 IST" skipped="0">
  <testcase classname="net.assuresign.sprint_6_74.TestPlan_47351" name="testCase_47960_S674" time="11.744"/>
  <system-out/>
</testsuite> <!-- net.assuresign.sprint_6_74.TestPlan_47351 -->
