<?xml version="1.0" encoding="UTF-8"?>
<!-- Generated by org.testng.reporters.JUnitReportReporter -->
<testsuite hostname="DESKTOP-1AVQ4LH" failures="0" tests="5" name="net.assuresign.scenario_2.TokenBearer_Correct" time="13.089" errors="0" timestamp="2021-06-23T09:21:10 IST" skipped="0">
  <testcase classname="net.assuresign.scenario_2.TokenBearer_Correct" name="tokenBearer_validateHeaders" time="4.871"/>
  <system-out/>
  <testcase classname="net.assuresign.scenario_2.TokenBearer_Correct" name="tokenBearer_validateParameters" time="2.192"/>
  <system-out/>
  <testcase classname="net.assuresign.scenario_2.TokenBearer_Correct" name="tokenBearer_validateStatusCode" time="1.917"/>
  <system-out/>
  <testcase classname="net.assuresign.scenario_2.TokenBearer_Correct" name="tokenBearer_validateTokenSchema" time="1.911"/>
  <system-out/>
  <testcase classname="net.assuresign.scenario_2.TokenBearer_Correct" name="tokenBearer_validateResponseTime" time="2.198"/>
  <system-out/>
</testsuite> <!-- net.assuresign.scenario_2.TokenBearer_Correct -->
