<?xml version="1.0" encoding="UTF-8"?>
<!-- Generated by org.testng.reporters.JUnitReportReporter -->
<testsuite hostname="tussar-PC" failures="0" tests="1" name="net.assuresign.scenario_4.Scenario_4_12" time="11.372" errors="0" timestamp="2021-04-15T10:50:59 IST" skipped="0">
  <testcase classname="net.assuresign.scenario_4.Scenario_4_12" name="submitPrepare_specifiedSchema" time="11.372"/>
  <system-out/>
</testsuite> <!-- net.assuresign.scenario_4.Scenario_4_12 -->
