<?xml version="1.0" encoding="UTF-8"?>
<!-- Generated by org.testng.reporters.JUnitReportReporter -->
<testsuite hostname="DESKTOP-1AVQ4LH" failures="0" tests="2" name="net.assuresign.scenario_3.Scenario_3_3" time="195.521" errors="0" timestamp="2021-07-07T15:54:35 IST" skipped="0">
  <testcase classname="net.assuresign.scenario_3.Scenario_3_3" name="submit_SSTemplateLargeFile" time="51.818"/>
  <system-out/>
  <testcase classname="net.assuresign.scenario_3.Scenario_3_3" name="submit_LargeFile" time="143.703"/>
  <system-out/>
</testsuite> <!-- net.assuresign.scenario_3.Scenario_3_3 -->
