<?xml version="1.0" encoding="UTF-8"?>
<!-- Generated by org.testng.reporters.JUnitReportReporter -->
<testsuite hostname="DESKTOP-1AVQ4LH" failures="0" tests="4" name="net.assuresign.sprint_6_75.TestPlan_38741" time="56.020" errors="0" timestamp="2021-07-08T11:05:55 IST" skipped="0">
  <testcase classname="net.assuresign.sprint_6_75.TestPlan_38741" name="testCase_48210_S675" time="15.695"/>
  <system-out/>
  <testcase classname="net.assuresign.sprint_6_75.TestPlan_38741" name="testCase_48206_S675" time="13.455"/>
  <system-out/>
  <testcase classname="net.assuresign.sprint_6_75.TestPlan_38741" name="testCase_48205_S675" time="12.798"/>
  <system-out/>
  <testcase classname="net.assuresign.sprint_6_75.TestPlan_38741" name="testCase_48216_S675" time="14.072"/>
  <system-out/>
</testsuite> <!-- net.assuresign.sprint_6_75.TestPlan_38741 -->
