<?xml version="1.0" encoding="UTF-8"?>
<!-- Generated by org.testng.reporters.JUnitReportReporter -->
<testsuite hostname="DESKTOP-1AVQ4LH" failures="0" tests="6" name="net.assuresign.scenario_4.Scenario_4_9_2" time="126.614" errors="0" timestamp="2021-07-07T16:26:10 IST" skipped="1">
  <testcase classname="net.assuresign.scenario_4.Scenario_4_9_2" name="submitPrepare_addDocumentCall" time="15.068"/>
  <system-out/>
  <testcase classname="net.assuresign.scenario_4.Scenario_4_9_2" name="addDocument_DynamicJBOnlyParseDocTrue" time="28.750"/>
  <system-out/>
  <testcase classname="net.assuresign.scenario_4.Scenario_4_9_2" name="addDocument_DynamicJBParsing_parseDocFalse" time="27.528"/>
  <system-out/>
  <testcase classname="net.assuresign.scenario_4.Scenario_4_9_2" name="addDocument_DynamicJB" time="33.952"/>
  <system-out/>
  <testcase classname="net.assuresign.scenario_4.Scenario_4_9_2" name="submitPrepare_DynamicJB_withoutParseDoc" time="21.316"/>
  <system-out/>
  <testcase classname="net.assuresign.scenario_4.Scenario_4_9_2" name="addDocument_Submit">
    <skipped/>
  </testcase> <!-- addDocument_Submit -->
  <system-out/>
</testsuite> <!-- net.assuresign.scenario_4.Scenario_4_9_2 -->
