<?xml version="1.0" encoding="UTF-8"?>
<!-- Generated by org.testng.reporters.JUnitReportReporter -->
<testsuite hostname="DESKTOP-1AVQ4LH" failures="0" tests="11" name="net.assuresign.scenario_13.Scenario_13" time="245.817" errors="0" timestamp="2021-07-07T17:00:17 IST" skipped="0">
  <testcase classname="net.assuresign.scenario_13.Scenario_13" name="submitPrepare_documentsPwdToOpenFile" time="9.055"/>
  <system-out/>
  <testcase classname="net.assuresign.scenario_13.Scenario_13" name="submitPrepare_documents" time="22.102"/>
  <system-out/>
  <testcase classname="net.assuresign.scenario_13.Scenario_13" name="submitPrepare_documentsInvalidID" time="5.353"/>
  <system-out/>
  <testcase classname="net.assuresign.scenario_13.Scenario_13" name="submitPrepare_documentsPwdToEditFile" time="10.117"/>
  <system-out/>
  <testcase classname="net.assuresign.scenario_13.Scenario_13" name="submitValidate_adhoc400" time="33.642"/>
  <system-out/>
  <testcase classname="net.assuresign.scenario_13.Scenario_13" name="submitValidate_ssTemplate" time="6.139"/>
  <system-out/>
  <testcase classname="net.assuresign.scenario_13.Scenario_13" name="submitValidate_Adhoc" time="120.388"/>
  <system-out/>
  <testcase classname="net.assuresign.scenario_13.Scenario_13" name="submitValidate_hybridCall" time="6.710"/>
  <system-out/>
  <testcase classname="net.assuresign.scenario_13.Scenario_13" name="submitPrepare_documentsEmptyID" time="9.152"/>
  <system-out/>
  <testcase classname="net.assuresign.scenario_13.Scenario_13" name="submitPrepare_putCall1" time="12.684"/>
  <system-out/>
  <testcase classname="net.assuresign.scenario_13.Scenario_13" name="submitPrepare_withoutDocName" time="10.475"/>
  <system-out/>
</testsuite> <!-- net.assuresign.scenario_13.Scenario_13 -->
