<?xml version="1.0" encoding="UTF-8"?>
<!-- Generated by org.testng.reporters.JUnitReportReporter -->
<testsuite hostname="DESKTOP-1AVQ4LH" failures="0" tests="1" name="net.assuresign.sprint_6_75.TestPlan_47403" time="4.875" errors="0" timestamp="2021-07-08T11:05:55 IST" skipped="0">
  <testcase classname="net.assuresign.sprint_6_75.TestPlan_47403" name="testCase_48067_S675" time="4.875"/>
  <system-out/>
</testsuite> <!-- net.assuresign.sprint_6_75.TestPlan_47403 -->
