<?xml version="1.0" encoding="UTF-8"?>
<!-- Generated by org.testng.reporters.JUnitReportReporter -->
<testsuite hostname="DESKTOP-1AVQ4LH" failures="0" tests="3" name="net.assuresign.scenario_3.Scenario_3_4" time="172.206" errors="0" timestamp="2021-07-07T15:54:35 IST" skipped="0">
  <testcase classname="net.assuresign.scenario_3.Scenario_3_4" name="submit_HybridCallDifferentFileType" time="70.129"/>
  <system-out/>
  <testcase classname="net.assuresign.scenario_3.Scenario_3_4" name="submit_HybridCallDifferentFileType_SSTemplate" time="8.617"/>
  <system-out/>
  <testcase classname="net.assuresign.scenario_3.Scenario_3_4" name="submit_DifferentFileType" time="93.460"/>
  <system-out/>
</testsuite> <!-- net.assuresign.scenario_3.Scenario_3_4 -->
