<?xml version="1.0" encoding="UTF-8"?>
<!-- Generated by org.testng.reporters.JUnitReportReporter -->
<testsuite hostname="DESKTOP-1AVQ4LH" failures="0" tests="2" name="net.assuresign.scenario_3.Scenario_3_8" time="31.942" errors="0" timestamp="2021-07-07T15:54:35 IST" skipped="0">
  <testcase classname="net.assuresign.scenario_3.Scenario_3_8" name="submitHybridCallDeprecated" time="26.907"/>
  <system-out/>
  <testcase classname="net.assuresign.scenario_3.Scenario_3_8" name="sessionTokenDeprecated_44009" time="5.035"/>
  <system-out/>
</testsuite> <!-- net.assuresign.scenario_3.Scenario_3_8 -->
