<?xml version="1.0" encoding="UTF-8"?>
<!-- Generated by org.testng.reporters.JUnitReportReporter -->
<testsuite hostname="DESKTOP-1AVQ4LH" failures="0" tests="2" name="net.assuresign.scenario_4.Scenario_4_4" time="63.371" errors="0" timestamp="2021-07-07T16:26:10 IST" skipped="0">
  <testcase classname="net.assuresign.scenario_4.Scenario_4_4" name="submitPrepare_WithSignerPassword" time="48.318"/>
  <system-out/>
  <testcase classname="net.assuresign.scenario_4.Scenario_4_4" name="submit_WithSignerPassword" time="15.053"/>
  <system-out/>
</testsuite> <!-- net.assuresign.scenario_4.Scenario_4_4 -->
