<?xml version="1.0" encoding="UTF-8"?>
<!-- Generated by org.testng.reporters.JUnitReportReporter -->
<testsuite hostname="DESKTOP-1AVQ4LH" failures="0" tests="2" name="net.assuresign.scenario_3.Scenario_3_1" time="44.087" errors="0" timestamp="2021-07-07T15:54:35 IST" skipped="0">
  <testcase classname="net.assuresign.scenario_3.Scenario_3_1" name="submitHybridCall_InvalidDocName" time="10.775"/>
  <system-out/>
  <testcase classname="net.assuresign.scenario_3.Scenario_3_1" name="submitHybridCall" time="33.312"/>
  <system-out/>
</testsuite> <!-- net.assuresign.scenario_3.Scenario_3_1 -->
