<?xml version="1.0" encoding="UTF-8"?>
<!-- Generated by org.testng.reporters.JUnitReportReporter -->
<testsuite hostname="tussar-PC" failures="0" tests="8" name="net.assuresign.scenario_1.TokenBearer_Incorrect" time="0.045" errors="0" timestamp="2021-04-19T09:08:23 IST" skipped="0">
  <testcase classname="net.assuresign.scenario_1.TokenBearer_Incorrect" name="tokenBearer_withoutSessionLength" time="0.003"/>
  <system-out/>
  <testcase classname="net.assuresign.scenario_1.TokenBearer_Incorrect" name="tokenBearer_withoutSessionLength" time="0.005"/>
  <system-out/>
  <testcase classname="net.assuresign.scenario_1.TokenBearer_Incorrect" name="tokenBearer_withoutSessionLength" time="0.003"/>
  <system-out/>
  <testcase classname="net.assuresign.scenario_1.TokenBearer_Incorrect" name="tokenBearer_withoutSessionLength" time="0.003"/>
  <system-out/>
  <testcase classname="net.assuresign.scenario_1.TokenBearer_Incorrect" name="tokenBearer_withoutSessionLength" time="0.016"/>
  <system-out/>
  <testcase classname="net.assuresign.scenario_1.TokenBearer_Incorrect" name="tokenBearer_withoutSessionLength" time="0.003"/>
  <system-out/>
  <testcase classname="net.assuresign.scenario_1.TokenBearer_Incorrect" name="tokenBearer_withoutSessionLength" time="0.009"/>
  <system-out/>
  <testcase classname="net.assuresign.scenario_1.TokenBearer_Incorrect" name="tokenBearer_withoutSessionLength" time="0.003"/>
  <system-out/>
</testsuite> <!-- net.assuresign.scenario_1.TokenBearer_Incorrect -->
