<?xml version="1.0" encoding="UTF-8"?>
<!-- Generated by org.testng.reporters.JUnitReportReporter -->
<testsuite hostname="DESKTOP-1AVQ4LH" failures="0" tests="3" name="net.assuresign.scenario_4.Scenario_4_14" time="25.697" errors="0" timestamp="2021-07-07T16:26:10 IST" skipped="0">
  <testcase classname="net.assuresign.scenario_4.Scenario_4_14" name="submitPrepare_WithInvalidTemplate" time="6.805"/>
  <system-out/>
  <testcase classname="net.assuresign.scenario_4.Scenario_4_14" name="submit_WithTempleteSchema" time="13.105"/>
  <system-out/>
  <testcase classname="net.assuresign.scenario_4.Scenario_4_14" name="submitPrepare_WithTempleteSchema" time="5.787"/>
  <system-out/>
</testsuite> <!-- net.assuresign.scenario_4.Scenario_4_14 -->
