<?xml version="1.0" encoding="UTF-8"?>
<!-- Generated by org.testng.reporters.JUnitReportReporter -->
<testsuite hostname="DESKTOP-1AVQ4LH" failures="0" tests="7" name="net.assuresign.scenario_8.Scenario_8_1" time="109.591" errors="1" timestamp="2021-07-07T17:00:17 IST" skipped="0">
  <testcase classname="net.assuresign.scenario_8.Scenario_8_1" name="getStatus_ValidEnvelopID" time="18.167"/>
  <system-out/>
  <testcase classname="net.assuresign.scenario_8.Scenario_8_1" name="getEnvelopes_ValidEnvelopID" time="17.871"/>
  <system-out/>
  <testcase classname="net.assuresign.scenario_8.Scenario_8_1" name="getEnvelope_ForSignedEnvelopes" time="4.713">
    <error message="org.hamcrest.core.AnyOf.anyOf([Lorg/hamcrest/Matcher;)Lorg/hamcrest/core/AnyOf;" type="java.lang.NoSuchMethodError">
      <![CDATA[java.lang.NoSuchMethodError: org.hamcrest.core.AnyOf.anyOf([Lorg/hamcrest/Matcher;)Lorg/hamcrest/core/AnyOf;
at org.hamcrest.Matchers.anyOf(Matchers.java:102)
at net.assuresign.scenario_8.Scenario_8_1.getEnvelope_ForSignedEnvelopes(Scenario_8_1.java:81)
at java.base/jdk.internal.reflect.NativeMethodAccessorImpl.invoke0(Native Method)
at java.base/jdk.internal.reflect.NativeMethodAccessorImpl.invoke(NativeMethodAccessorImpl.java:62)
at java.base/jdk.internal.reflect.DelegatingMethodAccessorImpl.invoke(DelegatingMethodAccessorImpl.java:43)
at java.base/java.lang.reflect.Method.invoke(Method.java:566)
at org.testng.internal.MethodInvocationHelper.invokeMethod(MethodInvocationHelper.java:133)
at org.testng.internal.TestInvoker.invokeMethod(TestInvoker.java:598)
at org.testng.internal.TestInvoker.invokeTestMethod(TestInvoker.java:173)
at org.testng.internal.MethodRunner.runInSequence(MethodRunner.java:46)
at org.testng.internal.TestInvoker$MethodInvocationAgent.invoke(TestInvoker.java:824)
at org.testng.internal.TestInvoker.invokeTestMethods(TestInvoker.java:146)
at org.testng.internal.TestMethodWorker.invokeTestMethods(TestMethodWorker.java:146)
at org.testng.internal.TestMethodWorker.run(TestMethodWorker.java:128)
at java.base/java.util.ArrayList.forEach(ArrayList.java:1540)
at org.testng.TestRunner.privateRun(TestRunner.java:794)
at org.testng.TestRunner.run(TestRunner.java:596)
at org.testng.SuiteRunner.runTest(SuiteRunner.java:377)
at org.testng.SuiteRunner.runSequentially(SuiteRunner.java:371)
at org.testng.SuiteRunner.privateRun(SuiteRunner.java:332)
at org.testng.SuiteRunner.run(SuiteRunner.java:276)
at org.testng.SuiteRunnerWorker.runSuite(SuiteRunnerWorker.java:53)
at org.testng.SuiteRunnerWorker.run(SuiteRunnerWorker.java:96)
at org.testng.TestNG.runSuitesSequentially(TestNG.java:1212)
at org.testng.TestNG.runSuitesLocally(TestNG.java:1134)
at org.testng.TestNG.runSuites(TestNG.java:1063)
at org.testng.TestNG.run(TestNG.java:1031)
at org.testng.remote.AbstractRemoteTestNG.run(AbstractRemoteTestNG.java:115)
at org.testng.remote.RemoteTestNG.initAndRun(RemoteTestNG.java:251)
at org.testng.remote.RemoteTestNG.main(RemoteTestNG.java:77)
]]>
    </error>
  </testcase> <!-- getEnvelope_ForSignedEnvelopes -->
  <system-out/>
  <testcase classname="net.assuresign.scenario_8.Scenario_8_1" name="getHistory_ValidEnvelopID" time="17.528"/>
  <system-out/>
  <testcase classname="net.assuresign.scenario_8.Scenario_8_1" name="getEnvelope_ForValidEnvelopes" time="17.296"/>
  <system-out/>
  <testcase classname="net.assuresign.scenario_8.Scenario_8_1" name="getEnvelope_ValidDoctypeEnvelopID" time="18.221"/>
  <system-out/>
  <testcase classname="net.assuresign.scenario_8.Scenario_8_1" name="getValues_ValidEnvelopID" time="15.795"/>
  <system-out/>
</testsuite> <!-- net.assuresign.scenario_8.Scenario_8_1 -->
